<?xml version="1.0" encoding="UTF-8"?>
<!-- Generated by org.testng.reporters.JUnitXMLReporter -->
<testsuite ignored="0" hostname="MyPC" failures="0" tests="2" name="Test-Runner2" time="6.534" errors="0" timestamp="2025-05-03T17:27:57 IST">
  <testcase classname="inventoryTests.AddProductToCartTestWithBaseClass" name="sampleTest" time="0.001"/>
  <testcase classname="inventoryTests.AddProductToCartTestWithBaseClass" name="tc_01_AddProductToCartTest" time="0.317"/>
</testsuite> <!-- Test-Runner2 -->
