<?xml version="1.0" encoding="UTF-8"?>
<!-- Generated by org.testng.reporters.JUnitXMLReporter -->
<testsuite ignored="0" hostname="MyPC" failures="0" tests="2" name="Test-runner-Firefox" time="7.185" errors="0" timestamp="2025-05-05T16:48:48 IST">
  <testcase classname="inventoryTests.AddProductToCartTestWithBaseClass" name="sampleTest" time="0.001"/>
  <testcase classname="inventoryTests.AddProductToCartTestWithBaseClass" name="tc_01_AddProductToCartTest" time="0.725"/>
</testsuite> <!-- Test-runner-Firefox -->
