<?xml version="1.0" encoding="UTF-8"?>
<!-- Generated by org.testng.reporters.JUnitXMLReporter -->
<testsuite ignored="0" hostname="MyPC" failures="0" tests="1" name="Test-Runner1" time="6.684" errors="0" timestamp="2025-05-03T17:27:57 IST">
  <testcase classname="inventoryTests.AddLowestPriceProductTestWithBaseClass" name="tc_02_AddLowestPriceProductTest" time="0.935"/>
</testsuite> <!-- Test-Runner1 -->
