<?xml version="1.0" encoding="UTF-8"?>
<!-- Generated by org.testng.reporters.JUnitReportReporter -->
<testsuite hostname="MyPC" failures="0" tests="3" name="Practice.TestNGPractice1" time="0.013" errors="0" timestamp="2025-04-28T17:39:11 IST" skipped="0">
  <testcase classname="Practice.TestNGPractice1" name="createSample" time="0.011"/>
  <system-out/>
  <testcase classname="Practice.TestNGPractice1" name="createSample" time="0.001"/>
  <system-out/>
  <testcase classname="Practice.TestNGPractice1" name="createSample" time="0.001"/>
  <system-out/>
</testsuite> <!-- Practice.TestNGPractice1 -->
