<?xml version="1.0" encoding="UTF-8"?>
<!-- Generated by org.testng.reporters.JUnitReportReporter -->
<testsuite hostname="MyPC" failures="0" tests="1" name="inventoryTests.AddLowestPriceProductTestWithBaseClass" time="0.836" errors="0" timestamp="2025-05-08T17:36:46 IST" skipped="0">
  <testcase classname="inventoryTests.AddLowestPriceProductTestWithBaseClass" name="tc_02_AddLowestPriceProductTest" time="0.836"/>
  <system-out/>
</testsuite> <!-- inventoryTests.AddLowestPriceProductTestWithBaseClass -->
