<?xml version="1.0" encoding="UTF-8"?>
<!-- Generated by org.testng.reporters.JUnitReportReporter -->
<testsuite hostname="MyPC" failures="0" tests="1" name="inventoryTests.AddProductToCartTest" time="4.298" errors="0" timestamp="2025-05-02T16:30:31 IST" skipped="0">
  <testcase classname="inventoryTests.AddProductToCartTest" name="tc_01_AddProductToCartTest" time="4.298"/>
  <system-out/>
</testsuite> <!-- inventoryTests.AddProductToCartTest -->
