<?xml version="1.0" encoding="UTF-8"?>
<!-- Generated by org.testng.reporters.JUnitReportReporter -->
<testsuite hostname="MyPC" failures="0" tests="1" name="inventoryTests.AddLowestPriceProductTest" time="5.306" errors="0" timestamp="2025-05-02T16:30:31 IST" skipped="0">
  <testcase classname="inventoryTests.AddLowestPriceProductTest" name="tc_02_AddLowestPriceProductTest" time="5.306"/>
  <system-out/>
</testsuite> <!-- inventoryTests.AddLowestPriceProductTest -->
